LOG INIT:dpdispatcher log direct to /home/chenhh/python_projects/CatMaster/dpdispatcher.log
2025-12-24 17:18:57,878 - INFO : info:check_all_finished: False
2025-12-24 17:18:57,878 - INFO : remote path: /public/home/chenhh/catmaster_work/cf0eed95f04feca0cb996299d5d1819d33014c09
LOG INIT:dpdispatcher log direct to /home/chenhh/python_projects/CatMaster/dpdispatcher.log
2025-12-24 17:35:38,636 - INFO : info:check_all_finished: False
2025-12-24 17:35:38,636 - INFO : remote path: /public/home/chenhh/catmaster_work/dae86a6305dcebfc4e2c1ac48e5a0d892e6991f4
2025-12-24 17:35:45,198 - INFO : job: 28d4a055794e2969ba72a8c66a7973c9c6b6096a submit; job_id is 215319
2025-12-24 17:35:45,920 - INFO : job: b87b1e6d66b91a57c50cc40de79f9b79e32e97d1 submit; job_id is 215320
2025-12-24 17:35:46,628 - INFO : job: 69ce3ec30815e18340b9fb629d7561b8e19ea837 submit; job_id is 215321
2025-12-24 17:35:47,331 - INFO : job: f807e696b0c49f1e2adfa535bc044585c96949cc submit; job_id is 215322
2025-12-24 17:35:48,042 - INFO : job: b0ce015123a2f66ba6c01b104ea17c8cd706f0fd submit; job_id is 215323
2025-12-24 17:35:48,742 - INFO : job: 0785b20ef20320fa5aef17dcca0c626b92454a91 submit; job_id is 215324
2025-12-24 17:38:52,919 - INFO : job: b87b1e6d66b91a57c50cc40de79f9b79e32e97d1 215320 finished
2025-12-24 18:03:11,185 - INFO : job: b0ce015123a2f66ba6c01b104ea17c8cd706f0fd 215323 finished
2025-12-25 04:23:11,933 - INFO : job: 28d4a055794e2969ba72a8c66a7973c9c6b6096a 215319 finished
2025-12-25 04:35:17,625 - INFO : job: 0785b20ef20320fa5aef17dcca0c626b92454a91 215324 finished
2025-12-25 04:43:19,948 - INFO : job: f807e696b0c49f1e2adfa535bc044585c96949cc 215322 finished
2025-12-25 04:44:20,153 - INFO : job: 69ce3ec30815e18340b9fb629d7561b8e19ea837 215321 finished
LOG INIT:dpdispatcher log direct to /home/chenhh/python_projects/CatMaster/dpdispatcher.log
2025-12-25 10:29:34,941 - INFO : info:check_all_finished: False
2025-12-25 10:29:34,942 - INFO : remote path: /public/home/chenhh/catmaster_work/02068d20b0afb290aa3c0da0b3f6029dd57fac52
2025-12-25 10:29:43,036 - INFO : job: 28d4a055794e2969ba72a8c66a7973c9c6b6096a submit; job_id is 215328
2025-12-25 10:29:44,087 - INFO : job: c313971e8f9fd9d55f8e8569509670d9ba9b8afc submit; job_id is 215329
2025-12-25 10:29:44,811 - INFO : job: 69ce3ec30815e18340b9fb629d7561b8e19ea837 submit; job_id is 215330
2025-12-25 10:29:45,888 - INFO : job: f807e696b0c49f1e2adfa535bc044585c96949cc submit; job_id is 215331
2025-12-25 10:29:46,928 - INFO : job: 7bfe032179a33785dd328afcbc7d6cff05233ff0 submit; job_id is 215332
2025-12-25 10:29:47,890 - INFO : job: 0785b20ef20320fa5aef17dcca0c626b92454a91 submit; job_id is 215333
2025-12-25 10:33:51,848 - INFO : job: 7bfe032179a33785dd328afcbc7d6cff05233ff0 215332 finished
2025-12-25 10:39:53,811 - INFO : job: c313971e8f9fd9d55f8e8569509670d9ba9b8afc 215329 finished
2025-12-25 21:31:05,004 - INFO : job: 28d4a055794e2969ba72a8c66a7973c9c6b6096a 215328 finished
2025-12-25 21:31:05,360 - INFO : job: f807e696b0c49f1e2adfa535bc044585c96949cc 215331 finished
2025-12-25 22:43:15,388 - INFO : job: 69ce3ec30815e18340b9fb629d7561b8e19ea837 215330 finished
2025-12-25 23:17:17,627 - INFO : job: 0785b20ef20320fa5aef17dcca0c626b92454a91 215333 finished
LOG INIT:dpdispatcher log direct to /home/chenhh/python_projects/CatMaster/dpdispatcher.log
LOG INIT:dpdispatcher log direct to /home/chenhh/python_projects/CatMaster/dpdispatcher.log
LOG INIT:dpdispatcher log direct to /home/chenhh/python_projects/CatMaster/dpdispatcher.log
LOG INIT:dpdispatcher log direct to /home/chenhh/python_projects/CatMaster/dpdispatcher.log
LOG INIT:dpdispatcher log direct to /home/chenhh/python_projects/CatMaster/dpdispatcher.log
LOG INIT:dpdispatcher log direct to /home/chenhh/python_projects/CatMaster/dpdispatcher.log
LOG INIT:dpdispatcher log direct to /home/chenhh/python_projects/CatMaster/dpdispatcher.log
2026-01-07 10:11:32,733 - INFO : info:check_all_finished: False
2026-01-07 10:11:32,735 - INFO : remote path: /public/home/chenhh/catmaster_work/8593406343305f92e27cbda683b4e85d5f6a4177
2026-01-07 10:11:34,189 - INFO : job: 5ba4be002d9785cb557e3264a7c91bcb52d416a0 submit; job_id is 215442
2026-01-07 10:13:35,770 - INFO : job: 5ba4be002d9785cb557e3264a7c91bcb52d416a0 215442 finished
LOG INIT:dpdispatcher log direct to /home/chenhh/python_projects/CatMaster/dpdispatcher.log
2026-01-07 10:42:37,860 - INFO : info:check_all_finished: False
2026-01-07 10:42:37,860 - INFO : remote path: /public/home/chenhh/catmaster_work/4c39a65e420bb8ec4260d80fffd70d4d3f6f767a
2026-01-07 10:42:39,229 - INFO : job: 5ba4be002d9785cb557e3264a7c91bcb52d416a0 submit; job_id is 215509
2026-01-07 11:07:03,629 - ERROR : 
Traceback (most recent call last):
  File "/home/chenhh/miniconda3/envs/catmaster/lib/python3.12/site-packages/dpdispatcher/submission.py", line 248, in run_submission
    time.sleep(check_interval)
KeyboardInterrupt
2026-01-07 11:07:03,633 - INFO : submission exit: 4c39a65e420bb8ec4260d80fffd70d4d3f6f767a
2026-01-07 11:07:03,633 - INFO : at /public/home/chenhh/catmaster_work/4c39a65e420bb8ec4260d80fffd70d4d3f6f767a
2026-01-07 11:07:03,633 - INFO : Submission information is saved in /home/chenhh/.dpdispatcher/submission/4c39a65e420bb8ec4260d80fffd70d4d3f6f767a.json.
LOG INIT:dpdispatcher log direct to /home/chenhh/python_projects/CatMaster/dpdispatcher.log
LOG INIT:dpdispatcher log direct to /home/chenhh/python_projects/CatMaster/dpdispatcher.log
2026-01-07 11:30:28,213 - INFO : info:check_all_finished: False
2026-01-07 11:30:28,214 - INFO : remote path: /public/home/chenhh/catmaster_work/8c437aa9dc85b671ea7b137e66c1deb1d2772c6d
2026-01-07 11:30:29,644 - INFO : job: 150dda7e4a423975d8bfbff21503ec2536e492ff submit; job_id is 215510
2026-01-07 11:32:31,228 - INFO : job: 150dda7e4a423975d8bfbff21503ec2536e492ff 215510 finished
LOG INIT:dpdispatcher log direct to /home/chenhh/python_projects/CatMaster/dpdispatcher.log
LOG INIT:dpdispatcher log direct to /home/chenhh/python_projects/CatMaster/dpdispatcher.log
LOG INIT:dpdispatcher log direct to /home/chenhh/python_projects/CatMaster/dpdispatcher.log
LOG INIT:dpdispatcher log direct to /home/chenhh/python_projects/CatMaster/dpdispatcher.log
LOG INIT:dpdispatcher log direct to /home/chenhh/python_projects/CatMaster/dpdispatcher.log
LOG INIT:dpdispatcher log direct to /home/chenhh/python_projects/CatMaster/dpdispatcher.log
LOG INIT:dpdispatcher log direct to /home/chenhh/python_projects/CatMaster/dpdispatcher.log
2026-01-07 12:09:49,429 - INFO : info:check_all_finished: False
2026-01-07 12:09:49,430 - INFO : remote path: /public/home/chenhh/catmaster_work/58e8888e76d4702f3b4645ae8187e7c8f8ed9c35
2026-01-07 12:09:50,825 - INFO : job: 150dda7e4a423975d8bfbff21503ec2536e492ff submit; job_id is 215514
2026-01-07 12:12:52,558 - INFO : job: 150dda7e4a423975d8bfbff21503ec2536e492ff 215514 finished
LOG INIT:dpdispatcher log direct to /home/chenhh/python_projects/CatMaster/dpdispatcher.log
LOG INIT:dpdispatcher log direct to /home/chenhh/python_projects/CatMaster/dpdispatcher.log
LOG INIT:dpdispatcher log direct to /home/chenhh/python_projects/CatMaster/dpdispatcher.log
LOG INIT:dpdispatcher log direct to /home/chenhh/python_projects/CatMaster/dpdispatcher.log
LOG INIT:dpdispatcher log direct to /home/chenhh/python_projects/CatMaster/dpdispatcher.log
LOG INIT:dpdispatcher log direct to /home/chenhh/python_projects/CatMaster/dpdispatcher.log
LOG INIT:dpdispatcher log direct to /home/chenhh/python_projects/CatMaster/dpdispatcher.log
LOG INIT:dpdispatcher log direct to /home/chenhh/python_projects/CatMaster/dpdispatcher.log
LOG INIT:dpdispatcher log direct to /home/chenhh/python_projects/CatMaster/dpdispatcher.log
2026-01-08 17:07:07,521 - INFO : info:check_all_finished: False
2026-01-08 17:07:07,522 - INFO : remote path: /public/home/chenhh/catmaster_work/f184f423ddc96de22b1112598f42d411c91c99ad
2026-01-08 17:07:09,195 - INFO : job: 150dda7e4a423975d8bfbff21503ec2536e492ff submit; job_id is 215515
2026-01-08 17:09:10,791 - INFO : job: 150dda7e4a423975d8bfbff21503ec2536e492ff 215515 finished
LOG INIT:dpdispatcher log direct to /home/chenhh/python_projects/CatMaster/dpdispatcher.log
LOG INIT:dpdispatcher log direct to /home/chenhh/python_projects/CatMaster/dpdispatcher.log
2026-01-08 17:21:07,245 - INFO : Find old submission; recover submission from json file;submission.submission_hash:58e8888e76d4702f3b4645ae8187e7c8f8ed9c35; machine.context.remote_root:/public/home/chenhh/catmaster_work/58e8888e76d4702f3b4645ae8187e7c8f8ed9c35; submission.work_base:relax;
2026-01-08 17:21:07,245 - INFO : info:check_all_finished: True
LOG INIT:dpdispatcher log direct to /home/chenhh/python_projects/CatMaster/dpdispatcher.log
LOG INIT:dpdispatcher log direct to /home/chenhh/python_projects/CatMaster/dpdispatcher.log
2026-01-08 21:27:51,330 - INFO : info:check_all_finished: False
2026-01-08 21:27:51,331 - INFO : remote path: /public/home/chenhh/catmaster_work/fedd9731430e15d88c45a32d60caafef9284f5d7
2026-01-08 21:27:53,232 - INFO : job: c39dcb6f4579675ee2bc042a56222de2cc051db8 submit; job_id is 215597
2026-01-08 21:27:53,944 - INFO : job: 2a447fc3ab5e429689aa2b0b1c384343d0a6807e submit; job_id is 215598
2026-01-08 21:27:54,644 - INFO : job: bc2ea2a73bb1f1fca80e3a58992a1c94f11a0d3a submit; job_id is 215599
2026-01-08 21:27:55,375 - INFO : job: 4c87b03884f35a5314b4ec6b21ec4edcbf8f4ee8 submit; job_id is 215600
2026-01-08 21:27:56,080 - INFO : job: 9442697f94215f075ae40ce74326dbc5789b2e9c submit; job_id is 215601
2026-01-08 21:27:56,790 - INFO : job: e3a338259ba07be16e04d546b91097ff6ab6de4c submit; job_id is 215602
2026-01-08 21:27:57,502 - INFO : job: b195e2f6370c31b01db968f54bfa38b41485dab3 submit; job_id is 215603
2026-01-08 21:27:58,199 - INFO : job: 858b902fa97a7f8558926344dd12ac868abe7aad submit; job_id is 215604
2026-01-08 21:27:58,890 - INFO : job: 3eefa5f9a15ac1dbfd360cc0c2a64c0882fac6fd submit; job_id is 215605
2026-01-08 21:27:59,603 - INFO : job: 6fa64e9ceee714d9b5e1e8c1cd6730c4e8d3ac6c submit; job_id is 215606
2026-01-08 21:28:00,291 - INFO : job: 96f46b60719c1e9297237dc2a9ee6e34f41733c1 submit; job_id is 215607
2026-01-08 21:28:00,964 - INFO : job: f65c1e10c9152c9198bd515a17e6ee0070cb8fb0 submit; job_id is 215608
2026-01-08 21:28:01,612 - INFO : job: 4937dcc84177262bcdf1b24ea999836eac2e3be6 submit; job_id is 215609
2026-01-08 21:28:02,298 - INFO : job: 86d3d66aa5379e9c4baa0870a19453a9f470f2d2 submit; job_id is 215610
2026-01-08 21:28:02,959 - INFO : job: 10cfedd1d9c8541bdb547ad17fd7f1236a673037 submit; job_id is 215611
2026-01-08 21:33:17,459 - INFO : job: 4937dcc84177262bcdf1b24ea999836eac2e3be6 215609 finished
2026-01-08 21:41:33,712 - INFO : job: 9442697f94215f075ae40ce74326dbc5789b2e9c 215601 finished
2026-01-08 22:58:03,438 - INFO : job: 96f46b60719c1e9297237dc2a9ee6e34f41733c1 215607 finished
2026-01-08 23:00:07,013 - INFO : job: 3eefa5f9a15ac1dbfd360cc0c2a64c0882fac6fd 215605 finished
2026-01-09 09:30:50,500 - ERROR : Failed to run exec_command: SSH session not active in calling cd /public/home/chenhh/catmaster_work/fedd9731430e15d88c45a32d60caafef9284f5d7 ;squeue -o "%.18i %.2t" -j 215597
Traceback (most recent call last):
  File "/home/chenhh/miniconda3/envs/catmaster/lib/python3.12/site-packages/dpdispatcher/contexts/ssh_context.py", line 305, in exec_command
    return self.ssh.exec_command(cmd)
           ^^^^^^^^^^^^^^^^^^^^^^^^^^
  File "/home/chenhh/miniconda3/envs/catmaster/lib/python3.12/site-packages/paramiko/client.py", line 558, in exec_command
    chan = self._transport.open_session(timeout=timeout)
           ^^^^^^^^^^^^^^^^^^^^^^^^^^^^^^^^^^^^^^^^^^^^^
  File "/home/chenhh/miniconda3/envs/catmaster/lib/python3.12/site-packages/paramiko/transport.py", line 988, in open_session
    return self.open_channel(
           ^^^^^^^^^^^^^^^^^^
  File "/home/chenhh/miniconda3/envs/catmaster/lib/python3.12/site-packages/paramiko/transport.py", line 1119, in open_channel
    raise e
  File "/home/chenhh/miniconda3/envs/catmaster/lib/python3.12/site-packages/paramiko/transport.py", line 2195, in run
    ptype, m = self.packetizer.read_message()
               ^^^^^^^^^^^^^^^^^^^^^^^^^^^^^^
  File "/home/chenhh/miniconda3/envs/catmaster/lib/python3.12/site-packages/paramiko/packet.py", line 496, in read_message
    header = self.read_all(self.__block_size_in, check_rekey=True)
             ^^^^^^^^^^^^^^^^^^^^^^^^^^^^^^^^^^^^^^^^^^^^^^^^^^^^^
  File "/home/chenhh/miniconda3/envs/catmaster/lib/python3.12/site-packages/paramiko/packet.py", line 324, in read_all
    raise EOFError()
EOFError

The above exception was the direct cause of the following exception:

Traceback (most recent call last):
  File "/home/chenhh/miniconda3/envs/catmaster/lib/python3.12/site-packages/dpdispatcher/utils/utils.py", line 197, in wrapper
    return func(*args, **kwargs)
           ^^^^^^^^^^^^^^^^^^^^^
  File "/home/chenhh/miniconda3/envs/catmaster/lib/python3.12/site-packages/dpdispatcher/contexts/ssh_context.py", line 315, in exec_command
    raise RetrySignal(f"SSH session not active in calling {cmd}") from e
dpdispatcher.utils.utils.RetrySignal: SSH session not active in calling cd /public/home/chenhh/catmaster_work/fedd9731430e15d88c45a32d60caafef9284f5d7 ;squeue -o "%.18i %.2t" -j 215597
2026-01-09 09:30:50,531 - WARNING : Sleep 1 s and retry...
2026-01-09 09:30:51,543 - ERROR : Failed to run exec_command: SSH session not active in calling cd /public/home/chenhh/catmaster_work/fedd9731430e15d88c45a32d60caafef9284f5d7 ;squeue -o "%.18i %.2t" -j 215597
Traceback (most recent call last):
  File "/home/chenhh/miniconda3/envs/catmaster/lib/python3.12/site-packages/dpdispatcher/contexts/ssh_context.py", line 305, in exec_command
    return self.ssh.exec_command(cmd)
           ^^^^^^^^^^^^^^^^^^^^^^^^^^
  File "/home/chenhh/miniconda3/envs/catmaster/lib/python3.12/site-packages/paramiko/client.py", line 558, in exec_command
    chan = self._transport.open_session(timeout=timeout)
           ^^^^^^^^^^^^^^^^^^^^^^^^^^^^^^^^^^^^^^^^^^^^^
  File "/home/chenhh/miniconda3/envs/catmaster/lib/python3.12/site-packages/paramiko/transport.py", line 988, in open_session
    return self.open_channel(
           ^^^^^^^^^^^^^^^^^^
  File "/home/chenhh/miniconda3/envs/catmaster/lib/python3.12/site-packages/paramiko/transport.py", line 1082, in open_channel
    raise SSHException("SSH session not active")
paramiko.ssh_exception.SSHException: SSH session not active

The above exception was the direct cause of the following exception:

Traceback (most recent call last):
  File "/home/chenhh/miniconda3/envs/catmaster/lib/python3.12/site-packages/dpdispatcher/utils/utils.py", line 197, in wrapper
    return func(*args, **kwargs)
           ^^^^^^^^^^^^^^^^^^^^^
  File "/home/chenhh/miniconda3/envs/catmaster/lib/python3.12/site-packages/dpdispatcher/contexts/ssh_context.py", line 315, in exec_command
    raise RetrySignal(f"SSH session not active in calling {cmd}") from e
dpdispatcher.utils.utils.RetrySignal: SSH session not active in calling cd /public/home/chenhh/catmaster_work/fedd9731430e15d88c45a32d60caafef9284f5d7 ;squeue -o "%.18i %.2t" -j 215597
2026-01-09 09:30:51,544 - WARNING : Sleep 1 s and retry...
2026-01-09 09:30:52,544 - ERROR : Failed to run exec_command: SSH session not active in calling cd /public/home/chenhh/catmaster_work/fedd9731430e15d88c45a32d60caafef9284f5d7 ;squeue -o "%.18i %.2t" -j 215597
Traceback (most recent call last):
  File "/home/chenhh/miniconda3/envs/catmaster/lib/python3.12/site-packages/dpdispatcher/contexts/ssh_context.py", line 305, in exec_command
    return self.ssh.exec_command(cmd)
           ^^^^^^^^^^^^^^^^^^^^^^^^^^
  File "/home/chenhh/miniconda3/envs/catmaster/lib/python3.12/site-packages/paramiko/client.py", line 558, in exec_command
    chan = self._transport.open_session(timeout=timeout)
           ^^^^^^^^^^^^^^^^^^^^^^^^^^^^^^^^^^^^^^^^^^^^^
  File "/home/chenhh/miniconda3/envs/catmaster/lib/python3.12/site-packages/paramiko/transport.py", line 988, in open_session
    return self.open_channel(
           ^^^^^^^^^^^^^^^^^^
  File "/home/chenhh/miniconda3/envs/catmaster/lib/python3.12/site-packages/paramiko/transport.py", line 1082, in open_channel
    raise SSHException("SSH session not active")
paramiko.ssh_exception.SSHException: SSH session not active

The above exception was the direct cause of the following exception:

Traceback (most recent call last):
  File "/home/chenhh/miniconda3/envs/catmaster/lib/python3.12/site-packages/dpdispatcher/utils/utils.py", line 197, in wrapper
    return func(*args, **kwargs)
           ^^^^^^^^^^^^^^^^^^^^^
  File "/home/chenhh/miniconda3/envs/catmaster/lib/python3.12/site-packages/dpdispatcher/contexts/ssh_context.py", line 315, in exec_command
    raise RetrySignal(f"SSH session not active in calling {cmd}") from e
dpdispatcher.utils.utils.RetrySignal: SSH session not active in calling cd /public/home/chenhh/catmaster_work/fedd9731430e15d88c45a32d60caafef9284f5d7 ;squeue -o "%.18i %.2t" -j 215597
2026-01-09 09:30:52,545 - WARNING : Sleep 1 s and retry...
LOG INIT:dpdispatcher log direct to /home/chenhh/python_projects/CatMaster/dpdispatcher.log
LOG INIT:dpdispatcher log direct to /home/chenhh/python_projects/CatMaster/dpdispatcher.log
2026-01-09 10:04:06,177 - INFO : info:check_all_finished: False
2026-01-09 10:04:06,177 - INFO : remote path: /public/home/chenhh/catmaster_work/b2eac03f4e45ccbbec82d8fa690239f464272207
2026-01-09 10:04:07,787 - INFO : job: 0be60e9ee2139d960f5894bbe3852a07e1486eca submit; job_id is 37
2026-01-09 10:04:40,113 - ERROR : 
Traceback (most recent call last):
  File "/home/chenhh/miniconda3/envs/catmaster/lib/python3.12/site-packages/dpdispatcher/submission.py", line 248, in run_submission
    time.sleep(check_interval)
KeyboardInterrupt
2026-01-09 10:04:40,115 - INFO : submission exit: b2eac03f4e45ccbbec82d8fa690239f464272207
2026-01-09 10:04:40,115 - INFO : at /public/home/chenhh/catmaster_work/b2eac03f4e45ccbbec82d8fa690239f464272207
2026-01-09 10:04:40,115 - INFO : Submission information is saved in /home/chenhh/.dpdispatcher/submission/b2eac03f4e45ccbbec82d8fa690239f464272207.json.
LOG INIT:dpdispatcher log direct to /home/chenhh/python_projects/CatMaster/dpdispatcher.log
2026-01-09 10:05:49,932 - INFO : Find old submission; recover submission from json file;submission.submission_hash:b2eac03f4e45ccbbec82d8fa690239f464272207; machine.context.remote_root:/public/home/chenhh/catmaster_work/b2eac03f4e45ccbbec82d8fa690239f464272207; submission.work_base:CO_VASP_inputs;
2026-01-09 10:05:50,295 - INFO : info:check_all_finished: False
2026-01-09 10:05:50,295 - INFO : remote path: /public/home/chenhh/catmaster_work/b2eac03f4e45ccbbec82d8fa690239f464272207
2026-01-09 10:05:51,562 - INFO : job: 0be60e9ee2139d960f5894bbe3852a07e1486eca 37 terminated; fail_cout is 1; resubmitting job
2026-01-09 10:05:52,308 - INFO : job:0be60e9ee2139d960f5894bbe3852a07e1486eca re-submit after terminated; new job_id is 38
2026-01-09 10:05:52,625 - INFO : job:0be60e9ee2139d960f5894bbe3852a07e1486eca job_id:38 after re-submitting; the state now is <JobStatus.waiting: 2>
2026-01-09 10:05:54,174 - INFO : job: 0be60e9ee2139d960f5894bbe3852a07e1486eca 38 terminated; fail_cout is 2; resubmitting job
2026-01-09 10:05:54,917 - INFO : job:0be60e9ee2139d960f5894bbe3852a07e1486eca re-submit after terminated; new job_id is 39
2026-01-09 10:05:55,277 - INFO : job:0be60e9ee2139d960f5894bbe3852a07e1486eca job_id:39 after re-submitting; the state now is <JobStatus.terminated: 4>
2026-01-09 10:05:55,278 - INFO : job: 0be60e9ee2139d960f5894bbe3852a07e1486eca 39 terminated; fail_cout is 3; resubmitting job
LOG INIT:dpdispatcher log direct to /home/chenhh/python_projects/CatMaster/dpdispatcher.log
2026-01-09 10:06:06,998 - INFO : info:check_all_finished: False
2026-01-09 10:06:06,998 - INFO : remote path: /public/home/chenhh/catmaster_work/b2eac03f4e45ccbbec82d8fa690239f464272207
2026-01-09 10:06:08,559 - INFO : job: 0be60e9ee2139d960f5894bbe3852a07e1486eca submit; job_id is 40
2026-01-09 10:06:10,115 - INFO : job: 0be60e9ee2139d960f5894bbe3852a07e1486eca 40 terminated; fail_cout is 1; resubmitting job
2026-01-09 10:06:10,860 - INFO : job:0be60e9ee2139d960f5894bbe3852a07e1486eca re-submit after terminated; new job_id is 41
2026-01-09 10:06:11,184 - INFO : job:0be60e9ee2139d960f5894bbe3852a07e1486eca job_id:41 after re-submitting; the state now is <JobStatus.running: 3>
2026-01-09 10:06:33,386 - ERROR : 
Traceback (most recent call last):
  File "/home/chenhh/miniconda3/envs/catmaster/lib/python3.12/site-packages/dpdispatcher/submission.py", line 248, in run_submission
    time.sleep(check_interval)
KeyboardInterrupt
2026-01-09 10:06:33,387 - INFO : submission exit: b2eac03f4e45ccbbec82d8fa690239f464272207
2026-01-09 10:06:33,387 - INFO : at /public/home/chenhh/catmaster_work/b2eac03f4e45ccbbec82d8fa690239f464272207
2026-01-09 10:06:33,387 - INFO : Submission information is saved in /home/chenhh/.dpdispatcher/submission/b2eac03f4e45ccbbec82d8fa690239f464272207.json.
LOG INIT:dpdispatcher log direct to /home/chenhh/python_projects/CatMaster/dpdispatcher.log
2026-01-09 10:07:04,710 - INFO : info:check_all_finished: False
2026-01-09 10:07:04,711 - INFO : remote path: /public/home/chenhh/catmaster_work/b2eac03f4e45ccbbec82d8fa690239f464272207
2026-01-09 10:07:06,382 - INFO : job: 0be60e9ee2139d960f5894bbe3852a07e1486eca submit; job_id is 42
2026-01-09 10:17:29,985 - ERROR : 
Traceback (most recent call last):
  File "/home/chenhh/miniconda3/envs/catmaster/lib/python3.12/site-packages/dpdispatcher/submission.py", line 248, in run_submission
    time.sleep(check_interval)
KeyboardInterrupt
2026-01-09 10:17:29,986 - INFO : submission exit: b2eac03f4e45ccbbec82d8fa690239f464272207
2026-01-09 10:17:29,986 - INFO : at /public/home/chenhh/catmaster_work/b2eac03f4e45ccbbec82d8fa690239f464272207
2026-01-09 10:17:29,986 - INFO : Submission information is saved in /home/chenhh/.dpdispatcher/submission/b2eac03f4e45ccbbec82d8fa690239f464272207.json.
LOG INIT:dpdispatcher log direct to /home/chenhh/python_projects/CatMaster/dpdispatcher.log
2026-01-09 10:17:36,938 - INFO : Find old submission; recover submission from json file;submission.submission_hash:b2eac03f4e45ccbbec82d8fa690239f464272207; machine.context.remote_root:/public/home/chenhh/catmaster_work/b2eac03f4e45ccbbec82d8fa690239f464272207; submission.work_base:CO_VASP_inputs;
2026-01-09 10:17:37,097 - INFO : info:check_all_finished: False
2026-01-09 10:17:37,098 - INFO : remote path: /public/home/chenhh/catmaster_work/b2eac03f4e45ccbbec82d8fa690239f464272207
2026-01-09 10:20:39,418 - ERROR : 
Traceback (most recent call last):
  File "/home/chenhh/miniconda3/envs/catmaster/lib/python3.12/site-packages/dpdispatcher/submission.py", line 248, in run_submission
    time.sleep(check_interval)
KeyboardInterrupt
2026-01-09 10:20:39,420 - INFO : submission exit: b2eac03f4e45ccbbec82d8fa690239f464272207
2026-01-09 10:20:39,421 - INFO : at /public/home/chenhh/catmaster_work/b2eac03f4e45ccbbec82d8fa690239f464272207
2026-01-09 10:20:39,421 - INFO : Submission information is saved in /home/chenhh/.dpdispatcher/submission/b2eac03f4e45ccbbec82d8fa690239f464272207.json.
LOG INIT:dpdispatcher log direct to /home/chenhh/python_projects/CatMaster/dpdispatcher.log
2026-01-09 10:21:03,999 - INFO : Find old submission; recover submission from json file;submission.submission_hash:b2eac03f4e45ccbbec82d8fa690239f464272207; machine.context.remote_root:/public/home/chenhh/catmaster_work/b2eac03f4e45ccbbec82d8fa690239f464272207; submission.work_base:CO_VASP_inputs;
2026-01-09 10:21:04,163 - INFO : info:check_all_finished: False
2026-01-09 10:21:04,163 - INFO : remote path: /public/home/chenhh/catmaster_work/b2eac03f4e45ccbbec82d8fa690239f464272207
2026-01-09 10:21:24,138 - ERROR : 
Traceback (most recent call last):
  File "/home/chenhh/miniconda3/envs/catmaster/lib/python3.12/site-packages/dpdispatcher/submission.py", line 248, in run_submission
    time.sleep(check_interval)
KeyboardInterrupt
2026-01-09 10:21:24,140 - INFO : submission exit: b2eac03f4e45ccbbec82d8fa690239f464272207
2026-01-09 10:21:24,140 - INFO : at /public/home/chenhh/catmaster_work/b2eac03f4e45ccbbec82d8fa690239f464272207
2026-01-09 10:21:24,140 - INFO : Submission information is saved in /home/chenhh/.dpdispatcher/submission/b2eac03f4e45ccbbec82d8fa690239f464272207.json.
LOG INIT:dpdispatcher log direct to /home/chenhh/python_projects/CatMaster/dpdispatcher.log
2026-01-09 10:21:37,784 - INFO : info:check_all_finished: False
2026-01-09 10:21:37,784 - INFO : remote path: /public/home/chenhh/catmaster_work/b2eac03f4e45ccbbec82d8fa690239f464272207
2026-01-09 10:21:39,383 - INFO : job: 0be60e9ee2139d960f5894bbe3852a07e1486eca submit; job_id is 43
2026-01-09 10:28:55,793 - ERROR : 
Traceback (most recent call last):
  File "/home/chenhh/miniconda3/envs/catmaster/lib/python3.12/site-packages/dpdispatcher/submission.py", line 248, in run_submission
    time.sleep(check_interval)
KeyboardInterrupt
2026-01-09 10:28:55,795 - INFO : submission exit: b2eac03f4e45ccbbec82d8fa690239f464272207
2026-01-09 10:28:55,795 - INFO : at /public/home/chenhh/catmaster_work/b2eac03f4e45ccbbec82d8fa690239f464272207
2026-01-09 10:28:55,795 - INFO : Submission information is saved in /home/chenhh/.dpdispatcher/submission/b2eac03f4e45ccbbec82d8fa690239f464272207.json.
LOG INIT:dpdispatcher log direct to /home/chenhh/python_projects/CatMaster/dpdispatcher.log
2026-01-09 10:28:59,268 - INFO : Find old submission; recover submission from json file;submission.submission_hash:b2eac03f4e45ccbbec82d8fa690239f464272207; machine.context.remote_root:/public/home/chenhh/catmaster_work/b2eac03f4e45ccbbec82d8fa690239f464272207; submission.work_base:CO_VASP_inputs;
2026-01-09 10:28:59,425 - INFO : info:check_all_finished: False
2026-01-09 10:28:59,426 - INFO : remote path: /public/home/chenhh/catmaster_work/b2eac03f4e45ccbbec82d8fa690239f464272207
2026-01-09 10:29:02,833 - ERROR : 
Traceback (most recent call last):
  File "/home/chenhh/miniconda3/envs/catmaster/lib/python3.12/site-packages/dpdispatcher/submission.py", line 248, in run_submission
    time.sleep(check_interval)
KeyboardInterrupt
2026-01-09 10:29:02,834 - INFO : submission exit: b2eac03f4e45ccbbec82d8fa690239f464272207
2026-01-09 10:29:02,834 - INFO : at /public/home/chenhh/catmaster_work/b2eac03f4e45ccbbec82d8fa690239f464272207
2026-01-09 10:29:02,834 - INFO : Submission information is saved in /home/chenhh/.dpdispatcher/submission/b2eac03f4e45ccbbec82d8fa690239f464272207.json.
LOG INIT:dpdispatcher log direct to /home/chenhh/python_projects/CatMaster/dpdispatcher.log
2026-01-09 10:29:24,590 - INFO : info:check_all_finished: False
2026-01-09 10:29:24,590 - INFO : remote path: /public/home/chenhh/catmaster_work/b2eac03f4e45ccbbec82d8fa690239f464272207
2026-01-09 10:29:26,143 - INFO : job: 0be60e9ee2139d960f5894bbe3852a07e1486eca submit; job_id is 44
2026-01-09 10:33:27,968 - INFO : job: 0be60e9ee2139d960f5894bbe3852a07e1486eca 44 finished
2026-01-09 10:33:28,167 - ERROR : Get error code 2 in calling tar czfh b2eac03f4e45ccbbec82d8fa690239f464272207.tar.gz OUTCAR CONTCAR OSZICAR vasprun.xml with job: b2eac03f4e45ccbbec82d8fa690239f464272207 . message: tar: CONTCAR: Cannot open: Resource temporarily unavailable
tar: OSZICAR: Cannot open: Resource temporarily unavailable
tar: vasprun.xml: Cannot open: Resource temporarily unavailable
tar: Exiting with failure status due to previous errors
Traceback (most recent call last):
  File "/home/chenhh/miniconda3/envs/catmaster/lib/python3.12/site-packages/dpdispatcher/submission.py", line 276, in try_download_result
    self.download_jobs()
  File "/home/chenhh/miniconda3/envs/catmaster/lib/python3.12/site-packages/dpdispatcher/submission.py", line 496, in download_jobs
    self.machine.context.download(self)
  File "/home/chenhh/miniconda3/envs/catmaster/lib/python3.12/site-packages/dpdispatcher/contexts/ssh_context.py", line 795, in download
    self._get_files(
  File "/home/chenhh/miniconda3/envs/catmaster/lib/python3.12/site-packages/dpdispatcher/contexts/ssh_context.py", line 995, in _get_files
    raise e
  File "/home/chenhh/miniconda3/envs/catmaster/lib/python3.12/site-packages/dpdispatcher/contexts/ssh_context.py", line 989, in _get_files
    self.block_checkcall(tar_cmd)
  File "/home/chenhh/miniconda3/envs/catmaster/lib/python3.12/site-packages/dpdispatcher/base_context.py", line 104, in block_checkcall
    raise RuntimeError(
RuntimeError: Get error code 2 in calling tar czfh b2eac03f4e45ccbbec82d8fa690239f464272207.tar.gz OUTCAR CONTCAR OSZICAR vasprun.xml with job: b2eac03f4e45ccbbec82d8fa690239f464272207 . message: tar: CONTCAR: Cannot open: Resource temporarily unavailable
tar: OSZICAR: Cannot open: Resource temporarily unavailable
tar: vasprun.xml: Cannot open: Resource temporarily unavailable
tar: Exiting with failure status due to previous errors

2026-01-09 10:33:28,170 - INFO : Retrying in 1 minute...
LOG INIT:dpdispatcher log direct to /home/chenhh/python_projects/CatMaster/dpdispatcher.log
2026-01-09 10:34:46,404 - INFO : Find old submission; recover submission from json file;submission.submission_hash:b2eac03f4e45ccbbec82d8fa690239f464272207; machine.context.remote_root:/public/home/chenhh/catmaster_work/b2eac03f4e45ccbbec82d8fa690239f464272207; submission.work_base:CO_VASP_inputs;
2026-01-09 10:34:46,405 - INFO : info:check_all_finished: True
LOG INIT:dpdispatcher log direct to /home/chenhh/python_projects/CatMaster/dpdispatcher.log
2026-01-09 10:35:52,619 - INFO : info:check_all_finished: False
2026-01-09 10:35:52,620 - INFO : remote path: /public/home/chenhh/catmaster_work/b2eac03f4e45ccbbec82d8fa690239f464272207
2026-01-09 10:35:54,239 - INFO : job: 0be60e9ee2139d960f5894bbe3852a07e1486eca submit; job_id is 45
2026-01-09 10:36:55,720 - INFO : job: 0be60e9ee2139d960f5894bbe3852a07e1486eca 45 finished
2026-01-09 10:36:55,874 - ERROR : Get error code 2 in calling tar czfh b2eac03f4e45ccbbec82d8fa690239f464272207.tar.gz CONTCAR OUTCAR vasprun.xml OSZICAR with job: b2eac03f4e45ccbbec82d8fa690239f464272207 . message: tar: CONTCAR: Cannot open: Resource temporarily unavailable
tar: OUTCAR: Cannot open: Resource temporarily unavailable
tar: vasprun.xml: Cannot open: Resource temporarily unavailable
tar: OSZICAR: Cannot open: Resource temporarily unavailable
tar: Exiting with failure status due to previous errors
Traceback (most recent call last):
  File "/home/chenhh/miniconda3/envs/catmaster/lib/python3.12/site-packages/dpdispatcher/submission.py", line 276, in try_download_result
    self.download_jobs()
  File "/home/chenhh/miniconda3/envs/catmaster/lib/python3.12/site-packages/dpdispatcher/submission.py", line 496, in download_jobs
    self.machine.context.download(self)
  File "/home/chenhh/miniconda3/envs/catmaster/lib/python3.12/site-packages/dpdispatcher/contexts/ssh_context.py", line 795, in download
    self._get_files(
  File "/home/chenhh/miniconda3/envs/catmaster/lib/python3.12/site-packages/dpdispatcher/contexts/ssh_context.py", line 995, in _get_files
    raise e
  File "/home/chenhh/miniconda3/envs/catmaster/lib/python3.12/site-packages/dpdispatcher/contexts/ssh_context.py", line 989, in _get_files
    self.block_checkcall(tar_cmd)
  File "/home/chenhh/miniconda3/envs/catmaster/lib/python3.12/site-packages/dpdispatcher/base_context.py", line 104, in block_checkcall
    raise RuntimeError(
RuntimeError: Get error code 2 in calling tar czfh b2eac03f4e45ccbbec82d8fa690239f464272207.tar.gz CONTCAR OUTCAR vasprun.xml OSZICAR with job: b2eac03f4e45ccbbec82d8fa690239f464272207 . message: tar: CONTCAR: Cannot open: Resource temporarily unavailable
tar: OUTCAR: Cannot open: Resource temporarily unavailable
tar: vasprun.xml: Cannot open: Resource temporarily unavailable
tar: OSZICAR: Cannot open: Resource temporarily unavailable
tar: Exiting with failure status due to previous errors

2026-01-09 10:36:55,877 - INFO : Retrying in 1 minute...
LOG INIT:dpdispatcher log direct to /home/chenhh/python_projects/CatMaster/dpdispatcher.log
LOG INIT:dpdispatcher log direct to /home/chenhh/python_projects/CatMaster/dpdispatcher.log
2026-01-09 14:47:38,946 - INFO : Find old submission; recover submission from json file;submission.submission_hash:b2eac03f4e45ccbbec82d8fa690239f464272207; machine.context.remote_root:/public/home/chenhh/catmaster_work/b2eac03f4e45ccbbec82d8fa690239f464272207; submission.work_base:CO_VASP_inputs;
2026-01-09 14:47:38,946 - INFO : info:check_all_finished: True
LOG INIT:dpdispatcher log direct to /home/chenhh/python_projects/CatMaster/dpdispatcher.log
2026-01-09 15:00:40,042 - INFO : info:check_all_finished: False
2026-01-09 15:00:40,042 - INFO : remote path: /public/home/chenhh/catmaster_work/b2eac03f4e45ccbbec82d8fa690239f464272207
2026-01-09 15:00:41,660 - INFO : job: 0be60e9ee2139d960f5894bbe3852a07e1486eca submit; job_id is 46
2026-01-09 15:01:43,145 - INFO : job: 0be60e9ee2139d960f5894bbe3852a07e1486eca 46 finished
2026-01-09 15:01:43,299 - ERROR : Get error code 2 in calling tar czfh b2eac03f4e45ccbbec82d8fa690239f464272207.tar.gz OSZICAR vasprun.xml OUTCAR CONTCAR with job: b2eac03f4e45ccbbec82d8fa690239f464272207 . message: tar: OSZICAR: Cannot open: Resource temporarily unavailable
tar: vasprun.xml: Cannot open: Resource temporarily unavailable
tar: OUTCAR: Cannot open: Resource temporarily unavailable
tar: CONTCAR: Cannot open: Resource temporarily unavailable
tar: Exiting with failure status due to previous errors
Traceback (most recent call last):
  File "/home/chenhh/miniconda3/envs/catmaster/lib/python3.12/site-packages/dpdispatcher/submission.py", line 276, in try_download_result
    self.download_jobs()
  File "/home/chenhh/miniconda3/envs/catmaster/lib/python3.12/site-packages/dpdispatcher/submission.py", line 496, in download_jobs
    self.machine.context.download(self)
  File "/home/chenhh/miniconda3/envs/catmaster/lib/python3.12/site-packages/dpdispatcher/contexts/ssh_context.py", line 795, in download
    self._get_files(
  File "/home/chenhh/miniconda3/envs/catmaster/lib/python3.12/site-packages/dpdispatcher/contexts/ssh_context.py", line 995, in _get_files
    raise e
  File "/home/chenhh/miniconda3/envs/catmaster/lib/python3.12/site-packages/dpdispatcher/contexts/ssh_context.py", line 989, in _get_files
    self.block_checkcall(tar_cmd)
  File "/home/chenhh/miniconda3/envs/catmaster/lib/python3.12/site-packages/dpdispatcher/base_context.py", line 104, in block_checkcall
    raise RuntimeError(
RuntimeError: Get error code 2 in calling tar czfh b2eac03f4e45ccbbec82d8fa690239f464272207.tar.gz OSZICAR vasprun.xml OUTCAR CONTCAR with job: b2eac03f4e45ccbbec82d8fa690239f464272207 . message: tar: OSZICAR: Cannot open: Resource temporarily unavailable
tar: vasprun.xml: Cannot open: Resource temporarily unavailable
tar: OUTCAR: Cannot open: Resource temporarily unavailable
tar: CONTCAR: Cannot open: Resource temporarily unavailable
tar: Exiting with failure status due to previous errors

2026-01-09 15:01:43,301 - INFO : Retrying in 1 minute...
LOG INIT:dpdispatcher log direct to /home/chenhh/python_projects/CatMaster/dpdispatcher.log
2026-01-09 15:09:37,482 - INFO : info:check_all_finished: False
2026-01-09 15:09:37,482 - INFO : remote path: /public/home/chenhh/catmaster_work/4e16f79bac519e8e560f32c42d8f9723e04b69ad
2026-01-09 15:09:38,815 - INFO : job: a26f2dd9339e4bcad26b91e44edf5cb09ad32f6e submit; job_id is 215664
2026-01-09 15:10:40,274 - INFO : job: a26f2dd9339e4bcad26b91e44edf5cb09ad32f6e 215664 finished
LOG INIT:dpdispatcher log direct to /home/chenhh/python_projects/CatMaster/dpdispatcher.log
LOG INIT:dpdispatcher log direct to /home/chenhh/python_projects/CatMaster/dpdispatcher.log
LOG INIT:dpdispatcher log direct to /home/chenhh/python_projects/CatMaster/dpdispatcher.log
LOG INIT:dpdispatcher log direct to /home/chenhh/python_projects/CatMaster/dpdispatcher.log
LOG INIT:dpdispatcher log direct to /home/chenhh/python_projects/CatMaster/dpdispatcher.log
LOG INIT:dpdispatcher log direct to /home/chenhh/python_projects/CatMaster/dpdispatcher.log
LOG INIT:dpdispatcher log direct to /home/chenhh/python_projects/CatMaster/dpdispatcher.log
LOG INIT:dpdispatcher log direct to /home/chenhh/python_projects/CatMaster/dpdispatcher.log
LOG INIT:dpdispatcher log direct to /home/chenhh/python_projects/CatMaster/dpdispatcher.log
LOG INIT:dpdispatcher log direct to /home/chenhh/python_projects/CatMaster/dpdispatcher.log
LOG INIT:dpdispatcher log direct to /home/chenhh/python_projects/CatMaster/dpdispatcher.log
LOG INIT:dpdispatcher log direct to /home/chenhh/python_projects/CatMaster/dpdispatcher.log
LOG INIT:dpdispatcher log direct to /home/chenhh/python_projects/CatMaster/dpdispatcher.log
LOG INIT:dpdispatcher log direct to /home/chenhh/python_projects/CatMaster/dpdispatcher.log
2026-01-09 17:57:45,818 - INFO : info:check_all_finished: False
2026-01-09 17:57:45,818 - INFO : remote path: /public/home/chenhh/catmaster_work/b066b8420476d005349e2fdc54c592d3f3619449
2026-01-09 17:57:47,225 - INFO : job: a26f2dd9339e4bcad26b91e44edf5cb09ad32f6e submit; job_id is 215700
2026-01-09 18:02:49,207 - INFO : job: a26f2dd9339e4bcad26b91e44edf5cb09ad32f6e 215700 finished
LOG INIT:dpdispatcher log direct to /home/chenhh/python_projects/CatMaster/dpdispatcher.log
LOG INIT:dpdispatcher log direct to /home/chenhh/python_projects/CatMaster/dpdispatcher.log
LOG INIT:dpdispatcher log direct to /home/chenhh/python_projects/CatMaster/dpdispatcher.log
LOG INIT:dpdispatcher log direct to /home/chenhh/python_projects/CatMaster/dpdispatcher.log
LOG INIT:dpdispatcher log direct to /home/chenhh/python_projects/CatMaster/dpdispatcher.log
2026-01-10 14:39:48,329 - INFO : Find old submission; recover submission from json file;submission.submission_hash:b066b8420476d005349e2fdc54c592d3f3619449; machine.context.remote_root:/public/home/chenhh/catmaster_work/b066b8420476d005349e2fdc54c592d3f3619449; submission.work_base:o2_box;
2026-01-10 14:39:48,330 - INFO : info:check_all_finished: True
LOG INIT:dpdispatcher log direct to /home/chenhh/python_projects/CatMaster/dpdispatcher.log
LOG INIT:dpdispatcher log direct to /home/chenhh/python_projects/CatMaster/dpdispatcher.log
2026-01-10 17:18:43,968 - INFO : info:check_all_finished: False
2026-01-10 17:18:43,968 - INFO : remote path: /public/home/chenhh/catmaster_work/e17d80d1ffdd9da70c3cef175477f6452e351281
2026-01-10 17:18:45,314 - INFO : job: a26f2dd9339e4bcad26b91e44edf5cb09ad32f6e submit; job_id is 215782
2026-01-10 17:26:47,822 - INFO : job: a26f2dd9339e4bcad26b91e44edf5cb09ad32f6e 215782 finished
LOG INIT:dpdispatcher log direct to /home/chenhh/python_projects/CatMaster/dpdispatcher.log
2026-01-10 17:33:22,002 - INFO : info:check_all_finished: False
2026-01-10 17:33:22,002 - INFO : remote path: /public/home/chenhh/catmaster_work/95a4475b92d21edd6a8cc74da297b9e673ebfaed
2026-01-10 17:33:23,440 - INFO : job: a26f2dd9339e4bcad26b91e44edf5cb09ad32f6e submit; job_id is 215787
2026-01-10 17:38:25,444 - INFO : job: a26f2dd9339e4bcad26b91e44edf5cb09ad32f6e 215787 finished
LOG INIT:dpdispatcher log direct to /home/chenhh/python_projects/CatMaster/dpdispatcher.log
LOG INIT:dpdispatcher log direct to /home/chenhh/python_projects/CatMaster/dpdispatcher.log
LOG INIT:dpdispatcher log direct to /home/chenhh/python_projects/CatMaster/dpdispatcher.log
2026-01-10 19:26:17,537 - INFO : info:check_all_finished: False
2026-01-10 19:26:17,537 - INFO : remote path: /ssd/chenhh/catmaster_work/859bd5533d07318371e48f131b5eaefa1b3aee9b
2026-01-10 19:26:18,326 - INFO : job: 2b6dbf86b01f2ba69d583ca3773c72c74e84bcaf submit; job_id is 799501
2026-01-10 19:26:39,637 - INFO : job: 2b6dbf86b01f2ba69d583ca3773c72c74e84bcaf 799501 finished
2026-01-10 19:31:27,366 - INFO : info:check_all_finished: False
2026-01-10 19:31:27,366 - INFO : remote path: /public/home/chenhh/catmaster_work/48e8deaacbf331f5d5237dbde2790de1f703004b
2026-01-10 19:31:28,796 - INFO : job: a26f2dd9339e4bcad26b91e44edf5cb09ad32f6e submit; job_id is 215798
2026-01-10 19:34:30,541 - INFO : job: a26f2dd9339e4bcad26b91e44edf5cb09ad32f6e 215798 finished
LOG INIT:dpdispatcher log direct to /home/chenhh/python_projects/CatMaster/dpdispatcher.log
2026-01-10 22:18:01,744 - INFO : Find old submission; recover submission from json file;submission.submission_hash:48e8deaacbf331f5d5237dbde2790de1f703004b; machine.context.remote_root:/public/home/chenhh/catmaster_work/48e8deaacbf331f5d5237dbde2790de1f703004b; submission.work_base:vasp_relax_gas;
2026-01-10 22:18:01,744 - INFO : info:check_all_finished: True
LOG INIT:dpdispatcher log direct to /home/chenhh/python_projects/CatMaster/dpdispatcher.log
2026-01-11 00:27:36,062 - INFO : info:check_all_finished: False
2026-01-11 00:27:36,063 - INFO : remote path: /public/home/chenhh/catmaster_work/0ff18f72fbbaa5a19057f18110e31e9d55573b39
2026-01-11 00:27:37,510 - INFO : job: a26f2dd9339e4bcad26b91e44edf5cb09ad32f6e submit; job_id is 215803
LOG INIT:dpdispatcher log direct to /home/chenhh/python_projects/CatMaster/dpdispatcher.log
2026-01-11 00:34:39,838 - INFO : job: a26f2dd9339e4bcad26b91e44edf5cb09ad32f6e 215803 finished
2026-01-11 00:41:14,433 - INFO : info:check_all_finished: False
2026-01-11 00:41:14,433 - INFO : remote path: /public/home/chenhh/catmaster_work/e2c319fbf8338cb4d5f98dda788f611197e9a105
2026-01-11 00:41:15,815 - INFO : job: 2c66d0dbe7f42d01a6d00b53fc6383d89b368b1d submit; job_id is 215804
2026-01-11 00:41:16,525 - INFO : job: ed32ecc726fae13399d08227cf488b5260e9046d submit; job_id is 215805
2026-01-11 00:47:19,534 - INFO : job: 2c66d0dbe7f42d01a6d00b53fc6383d89b368b1d 215804 finished
2026-01-11 00:50:20,099 - INFO : job: ed32ecc726fae13399d08227cf488b5260e9046d 215805 finished
LOG INIT:dpdispatcher log direct to /home/chenhh/python_projects/CatMaster/dpdispatcher.log
2026-01-11 08:34:09,950 - INFO : Find old submission; recover submission from json file;submission.submission_hash:e17d80d1ffdd9da70c3cef175477f6452e351281; machine.context.remote_root:/public/home/chenhh/catmaster_work/e17d80d1ffdd9da70c3cef175477f6452e351281; submission.work_base:vasp_relax;
2026-01-11 08:34:09,953 - INFO : info:check_all_finished: True
LOG INIT:dpdispatcher log direct to /home/chenhh/python_projects/CatMaster/dpdispatcher.log
LOG INIT:dpdispatcher log direct to /home/chenhh/python_projects/CatMaster/dpdispatcher.log
2026-01-11 08:57:45,224 - INFO : info:check_all_finished: False
2026-01-11 08:57:45,225 - INFO : remote path: /public/home/chenhh/catmaster_work/913173d508f83da9990f889e57298e8dfd7d6abe
2026-01-11 08:57:46,613 - INFO : job: a26f2dd9339e4bcad26b91e44edf5cb09ad32f6e submit; job_id is 215809
2026-01-11 09:06:49,063 - INFO : job: a26f2dd9339e4bcad26b91e44edf5cb09ad32f6e 215809 finished
